Determining if the pthread_create exist failed with the following output:
Change Dir: /home/yangguo/serial_port/build/CMakeFiles/CMakeTmp

Run Build Command:"/usr/bin/make" "cmTC_9912a/fast"
/usr/bin/make -f CMakeFiles/cmTC_9912a.dir/build.make CMakeFiles/cmTC_9912a.dir/build
make[1]: Entering directory '/home/yangguo/serial_port/build/CMakeFiles/CMakeTmp'
Building C object CMakeFiles/cmTC_9912a.dir/CheckSymbolExists.c.o
/usr/bin/cc     -o CMakeFiles/cmTC_9912a.dir/CheckSymbolExists.c.o   -c /home/yangguo/serial_port/build/CMakeFiles/CMakeTmp/CheckSymbolExists.c
Linking C executable cmTC_9912a
/usr/bin/cmake -E cmake_link_script CMakeFiles/cmTC_9912a.dir/link.txt --verbose=1
/usr/bin/cc       CMakeFiles/cmTC_9912a.dir/CheckSymbolExists.c.o  -o cmTC_9912a -rdynamic 
CMakeFiles/cmTC_9912a.dir/CheckSymbolExists.c.o：在函数‘main’中：
CheckSymbolExists.c:(.text+0x16)：对‘pthread_create’未定义的引用
collect2: error: ld returned 1 exit status
CMakeFiles/cmTC_9912a.dir/build.make:97: recipe for target 'cmTC_9912a' failed
make[1]: *** [cmTC_9912a] Error 1
make[1]: Leaving directory '/home/yangguo/serial_port/build/CMakeFiles/CMakeTmp'
Makefile:126: recipe for target 'cmTC_9912a/fast' failed
make: *** [cmTC_9912a/fast] Error 2

File /home/yangguo/serial_port/build/CMakeFiles/CMakeTmp/CheckSymbolExists.c:
/* */
#include <pthread.h>

int main(int argc, char** argv)
{
  (void)argv;
#ifndef pthread_create
  return ((int*)(&pthread_create))[argc];
#else
  (void)argc;
  return 0;
#endif
}

Determining if the function pthread_create exists in the pthreads failed with the following output:
Change Dir: /home/yangguo/serial_port/build/CMakeFiles/CMakeTmp

Run Build Command:"/usr/bin/make" "cmTC_30c2e/fast"
/usr/bin/make -f CMakeFiles/cmTC_30c2e.dir/build.make CMakeFiles/cmTC_30c2e.dir/build
make[1]: Entering directory '/home/yangguo/serial_port/build/CMakeFiles/CMakeTmp'
Building C object CMakeFiles/cmTC_30c2e.dir/CheckFunctionExists.c.o
/usr/bin/cc    -DCHECK_FUNCTION_EXISTS=pthread_create   -o CMakeFiles/cmTC_30c2e.dir/CheckFunctionExists.c.o   -c /usr/share/cmake-3.5/Modules/CheckFunctionExists.c
Linking C executable cmTC_30c2e
/usr/bin/cmake -E cmake_link_script CMakeFiles/cmTC_30c2e.dir/link.txt --verbose=1
/usr/bin/cc   -DCHECK_FUNCTION_EXISTS=pthread_create    CMakeFiles/cmTC_30c2e.dir/CheckFunctionExists.c.o  -o cmTC_30c2e -rdynamic -lpthreads 
/usr/bin/ld: 找不到 -lpthreads
collect2: error: ld returned 1 exit status
CMakeFiles/cmTC_30c2e.dir/build.make:97: recipe for target 'cmTC_30c2e' failed
make[1]: *** [cmTC_30c2e] Error 1
make[1]: Leaving directory '/home/yangguo/serial_port/build/CMakeFiles/CMakeTmp'
Makefile:126: recipe for target 'cmTC_30c2e/fast' failed
make: *** [cmTC_30c2e/fast] Error 2


