Determining if the pthread_create exist failed with the following output:
Change Dir: /home/yangguo/serial_port/debug/CMakeFiles/CMakeTmp

Run Build Command:"/usr/bin/make" "cmTC_bdaa6/fast"
/usr/bin/make -f CMakeFiles/cmTC_bdaa6.dir/build.make CMakeFiles/cmTC_bdaa6.dir/build
make[1]: Entering directory '/home/yangguo/serial_port/debug/CMakeFiles/CMakeTmp'
Building C object CMakeFiles/cmTC_bdaa6.dir/CheckSymbolExists.c.o
/usr/bin/gcc     -o CMakeFiles/cmTC_bdaa6.dir/CheckSymbolExists.c.o   -c /home/yangguo/serial_port/debug/CMakeFiles/CMakeTmp/CheckSymbolExists.c
Linking C executable cmTC_bdaa6
/usr/bin/cmake -E cmake_link_script CMakeFiles/cmTC_bdaa6.dir/link.txt --verbose=1
/usr/bin/gcc       CMakeFiles/cmTC_bdaa6.dir/CheckSymbolExists.c.o  -o cmTC_bdaa6 -rdynamic 
CMakeFiles/cmTC_bdaa6.dir/CheckSymbolExists.c.o：在函数‘main’中：
CheckSymbolExists.c:(.text+0x16)：对‘pthread_create’未定义的引用
collect2: error: ld returned 1 exit status
CMakeFiles/cmTC_bdaa6.dir/build.make:97: recipe for target 'cmTC_bdaa6' failed
make[1]: *** [cmTC_bdaa6] Error 1
make[1]: Leaving directory '/home/yangguo/serial_port/debug/CMakeFiles/CMakeTmp'
Makefile:126: recipe for target 'cmTC_bdaa6/fast' failed
make: *** [cmTC_bdaa6/fast] Error 2

File /home/yangguo/serial_port/debug/CMakeFiles/CMakeTmp/CheckSymbolExists.c:
/* */
#include <pthread.h>

int main(int argc, char** argv)
{
  (void)argv;
#ifndef pthread_create
  return ((int*)(&pthread_create))[argc];
#else
  (void)argc;
  return 0;
#endif
}

Determining if the function pthread_create exists in the pthreads failed with the following output:
Change Dir: /home/yangguo/serial_port/debug/CMakeFiles/CMakeTmp

Run Build Command:"/usr/bin/make" "cmTC_34f7d/fast"
/usr/bin/make -f CMakeFiles/cmTC_34f7d.dir/build.make CMakeFiles/cmTC_34f7d.dir/build
make[1]: Entering directory '/home/yangguo/serial_port/debug/CMakeFiles/CMakeTmp'
Building C object CMakeFiles/cmTC_34f7d.dir/CheckFunctionExists.c.o
/usr/bin/gcc    -DCHECK_FUNCTION_EXISTS=pthread_create   -o CMakeFiles/cmTC_34f7d.dir/CheckFunctionExists.c.o   -c /usr/share/cmake-3.5/Modules/CheckFunctionExists.c
Linking C executable cmTC_34f7d
/usr/bin/cmake -E cmake_link_script CMakeFiles/cmTC_34f7d.dir/link.txt --verbose=1
/usr/bin/gcc   -DCHECK_FUNCTION_EXISTS=pthread_create    CMakeFiles/cmTC_34f7d.dir/CheckFunctionExists.c.o  -o cmTC_34f7d -rdynamic -lpthreads 
/usr/bin/ld: 找不到 -lpthreads
collect2: error: ld returned 1 exit status
CMakeFiles/cmTC_34f7d.dir/build.make:97: recipe for target 'cmTC_34f7d' failed
make[1]: *** [cmTC_34f7d] Error 1
make[1]: Leaving directory '/home/yangguo/serial_port/debug/CMakeFiles/CMakeTmp'
Makefile:126: recipe for target 'cmTC_34f7d/fast' failed
make: *** [cmTC_34f7d/fast] Error 2


